{"numTotalTestSuites":21,"numPassedTestSuites":9,"numFailedTestSuites":12,"numPendingTestSuites":0,"numTotalTests":19,"numPassedTests":19,"numFailedTests":0,"numPendingTests":0,"numTodoTests":0,"startTime":1778729671608,"success":false,"testResults":[{"assertionResults":[{"ancestorTitles":["","debug test"],"fullName":" debug test should work","status":"passed","title":"should work","duration":2,"failureMessages":[]}],"startTime":1778729679628,"endTime":1778729679630,"status":"passed","message":"","name":"D:/Code/petapeta/tematik1306/padang-pariaman-map/client/src/test-debug.test.ts"},{"assertionResults":[],"startTime":1778729671608,"endTime":1778729671608,"status":"failed","message":"Cannot read properties of undefined (reading 'test')","name":"D:/Code/petapeta/tematik1306/padang-pariaman-map/client/src/test-minimal.test.ts"},{"assertionResults":[],"startTime":1778729671608,"endTime":1778729671608,"status":"failed","message":"No test suite found in file D:/Code/petapeta/tematik1306/padang-pariaman-map/client/src/components/admin/__tests__/AdminDataTable.test.tsx","name":"D:/Code/petapeta/tematik1306/padang-pariaman-map/client/src/components/admin/__tests__/AdminDataTable.test.tsx"},{"assertionResults":[],"startTime":1778729671608,"endTime":1778729671608,"status":"failed","message":"No test suite found in file D:/Code/petapeta/tematik1306/padang-pariaman-map/client/src/components/admin/__tests__/InfrastructureModal.noclose.property.test.tsx","name":"D:/Code/petapeta/tematik1306/padang-pariaman-map/client/src/components/admin/__tests__/InfrastructureModal.noclose.property.test.tsx"},{"assertionResults":[],"startTime":1778729671608,"endTime":1778729671608,"status":"failed","message":"No test suite found in file D:/Code/petapeta/tematik1306/padang-pariaman-map/client/src/components/admin/__tests__/InfrastructureModal.test.tsx","name":"D:/Code/petapeta/tematik1306/padang-pariaman-map/client/src/components/admin/__tests__/InfrastructureModal.test.tsx"},{"assertionResults":[],"startTime":1778729671608,"endTime":1778729671608,"status":"failed","message":"No test suite found in file D:/Code/petapeta/tematik1306/padang-pariaman-map/client/src/components/filter/__tests__/CategoryChips.consistency.property.test.ts","name":"D:/Code/petapeta/tematik1306/padang-pariaman-map/client/src/components/filter/__tests__/CategoryChips.consistency.property.test.ts"},{"assertionResults":[],"startTime":1778729671608,"endTime":1778729671608,"status":"failed","message":"No test suite found in file D:/Code/petapeta/tematik1306/padang-pariaman-map/client/src/components/filter/__tests__/CategoryChips.property.test.ts","name":"D:/Code/petapeta/tematik1306/padang-pariaman-map/client/src/components/filter/__tests__/CategoryChips.property.test.ts"},{"assertionResults":[],"startTime":1778729671608,"endTime":1778729671608,"status":"failed","message":"No test suite found in file D:/Code/petapeta/tematik1306/padang-pariaman-map/client/src/components/filter/__tests__/CategoryChips.test.tsx","name":"D:/Code/petapeta/tematik1306/padang-pariaman-map/client/src/components/filter/__tests__/CategoryChips.test.tsx"},{"assertionResults":[{"ancestorTitles":["","FilterPanel","merender sub-komponen"],"fullName":" FilterPanel merender sub-komponen merender komponen FilterWilayah","status":"passed","title":"merender komponen FilterWilayah","duration":53,"failureMessages":[]},{"ancestorTitles":["","FilterPanel","merender sub-komponen"],"fullName":" FilterPanel merender sub-komponen merender komponen CategoryChips","status":"passed","title":"merender komponen CategoryChips","duration":8,"failureMessages":[]},{"ancestorTitles":["","FilterPanel","merender sub-komponen"],"fullName":" FilterPanel merender sub-komponen meneruskan kategoriList ke CategoryChips","status":"passed","title":"meneruskan kategoriList ke CategoryChips","duration":7,"failureMessages":[]},{"ancestorTitles":["","FilterPanel","merender sub-komponen"],"fullName":" FilterPanel merender sub-komponen merender header \"Filter Peta\"","status":"passed","title":"merender header \"Filter Peta\"","duration":12,"failureMessages":[]},{"ancestorTitles":["","FilterPanel","tombol X (tutup)"],"fullName":" FilterPanel tombol X (tutup) tombol X memanggil onClose saat diklik","status":"passed","title":"tombol X memanggil onClose saat diklik","duration":36,"failureMessages":[]},{"ancestorTitles":["","FilterPanel","tombol X (tutup)"],"fullName":" FilterPanel tombol X (tutup) tombol X merender ikon X dari Lucide","status":"passed","title":"tombol X merender ikon X dari Lucide","duration":10,"failureMessages":[]},{"ancestorTitles":["","FilterPanel","tombol X (tutup)"],"fullName":" FilterPanel tombol X (tutup) menekan tombol Escape memanggil onClose","status":"passed","title":"menekan tombol Escape memanggil onClose","duration":7,"failureMessages":[]},{"ancestorTitles":["","FilterPanel","class bottom sheet pada mobile (< 1024px)"],"fullName":" FilterPanel class bottom sheet pada mobile (< 1024px) panel memiliki class fixed bottom-0 untuk bottom sheet","status":"passed","title":"panel memiliki class fixed bottom-0 untuk bottom sheet","duration":7,"failureMessages":[]},{"ancestorTitles":["","FilterPanel","class bottom sheet pada mobile (< 1024px)"],"fullName":" FilterPanel class bottom sheet pada mobile (< 1024px) panel memiliki class max-h-[75vh] untuk bottom sheet mobile","status":"passed","title":"panel memiliki class max-h-[75vh] untuk bottom sheet mobile","duration":7,"failureMessages":[]},{"ancestorTitles":["","FilterPanel","class bottom sheet pada mobile (< 1024px)"],"fullName":" FilterPanel class bottom sheet pada mobile (< 1024px) panel memiliki class rounded-t-3xl untuk tampilan bottom sheet","status":"passed","title":"panel memiliki class rounded-t-3xl untuk tampilan bottom sheet","duration":6,"failureMessages":[]},{"ancestorTitles":["","FilterPanel","class bottom sheet pada mobile (< 1024px)"],"fullName":" FilterPanel class bottom sheet pada mobile (< 1024px) panel memiliki class lg:static untuk override ke floating panel di desktop","status":"passed","title":"panel memiliki class lg:static untuk override ke floating panel di desktop","duration":5,"failureMessages":[]},{"ancestorTitles":["","FilterPanel","class bottom sheet pada mobile (< 1024px)"],"fullName":" FilterPanel class bottom sheet pada mobile (< 1024px) panel memiliki class lg:rounded-3xl untuk tampilan floating di desktop","status":"passed","title":"panel memiliki class lg:rounded-3xl untuk tampilan floating di desktop","duration":12,"failureMessages":[]},{"ancestorTitles":["","FilterPanel","class bottom sheet pada mobile (< 1024px)"],"fullName":" FilterPanel class bottom sheet pada mobile (< 1024px) overlay mobile merender dengan class lg:hidden","status":"passed","title":"overlay mobile merender dengan class lg:hidden","duration":4,"failureMessages":[]},{"ancestorTitles":["","FilterPanel","class bottom sheet pada mobile (< 1024px)"],"fullName":" FilterPanel class bottom sheet pada mobile (< 1024px) klik overlay mobile memanggil onClose","status":"passed","title":"klik overlay mobile memanggil onClose","duration":26,"failureMessages":[]},{"ancestorTitles":["","FilterPanel","glassmorphism style"],"fullName":" FilterPanel glassmorphism style panel memiliki class glassmorphism bg-white/85 backdrop-blur-md","status":"passed","title":"panel memiliki class glassmorphism bg-white/85 backdrop-blur-md","duration":5,"failureMessages":[]},{"ancestorTitles":["","FilterPanel","glassmorphism style"],"fullName":" FilterPanel glassmorphism style panel memiliki class pointer-events-auto","status":"passed","title":"panel memiliki class pointer-events-auto","duration":4,"failureMessages":[]},{"ancestorTitles":["","FilterPanel","aksesibilitas"],"fullName":" FilterPanel aksesibilitas panel memiliki role=\"dialog\" dan aria-modal=\"true\"","status":"passed","title":"panel memiliki role=\"dialog\" dan aria-modal=\"true\"","duration":9,"failureMessages":[]},{"ancestorTitles":["","FilterPanel","aksesibilitas"],"fullName":" FilterPanel aksesibilitas panel memiliki aria-label=\"Filter Peta\"","status":"passed","title":"panel memiliki aria-label=\"Filter Peta\"","duration":5,"failureMessages":[]}],"startTime":1778729674547,"endTime":1778729674771,"status":"passed","message":"","name":"D:/Code/petapeta/tematik1306/padang-pariaman-map/client/src/components/filter/__tests__/FilterPanel.test.tsx"},{"assertionResults":[],"startTime":1778729671608,"endTime":1778729671608,"status":"failed","message":"No test suite found in file D:/Code/petapeta/tematik1306/padang-pariaman-map/client/src/components/layout/__tests__/FloatingHeader.test.tsx","name":"D:/Code/petapeta/tematik1306/padang-pariaman-map/client/src/components/layout/__tests__/FloatingHeader.test.tsx"},{"assertionResults":[],"startTime":1778729671608,"endTime":1778729671608,"status":"failed","message":"No test suite found in file D:/Code/petapeta/tematik1306/padang-pariaman-map/client/src/components/map/__tests__/MapOverlay.fullscreen.property.test.ts","name":"D:/Code/petapeta/tematik1306/padang-pariaman-map/client/src/components/map/__tests__/MapOverlay.fullscreen.property.test.ts"},{"assertionResults":[],"startTime":1778729671608,"endTime":1778729671608,"status":"failed","message":"No test suite found in file D:/Code/petapeta/tematik1306/padang-pariaman-map/client/src/components/map/__tests__/MapOverlay.pointerevents.property.test.ts","name":"D:/Code/petapeta/tematik1306/padang-pariaman-map/client/src/components/map/__tests__/MapOverlay.pointerevents.property.test.ts"},{"assertionResults":[],"startTime":1778729671608,"endTime":1778729671608,"status":"failed","message":"No test suite found in file D:/Code/petapeta/tematik1306/padang-pariaman-map/client/src/components/statistik/__tests__/MetrikCard.property.test.tsx","name":"D:/Code/petapeta/tematik1306/padang-pariaman-map/client/src/components/statistik/__tests__/MetrikCard.property.test.tsx"},{"assertionResults":[],"startTime":1778729671608,"endTime":1778729671608,"status":"failed","message":"No test suite found in file D:/Code/petapeta/tematik1306/padang-pariaman-map/client/src/components/statistik/__tests__/MetrikCard.test.tsx","name":"D:/Code/petapeta/tematik1306/padang-pariaman-map/client/src/components/statistik/__tests__/MetrikCard.test.tsx"}]}